[2023-05-09 08:55:50] production.ERROR: Class App\Repositories\BusinessLocationRepository does not exist {"exception":"[object] (ReflectionException(code: 0): Class App\\Repositories\\BusinessLocationRepository does not exist at /home/u521976387/domains/erptec.net/public_html/erp/vendor/laravel/framework/src/Illuminate/Container/Container.php:853, ParseError(code: 0): syntax error, unexpected 'dd' (T_STRING) at /home/u521976387/domains/erptec.net/public_html/erp/app/Repositories/BusinessLocationRepository.php:48)
[stacktrace]
#0 /home/u521976387/domains/erptec.net/public_html/erp/vendor/laravel/framework/src/Illuminate/Container/Container.php(853): ReflectionParameter->getClass()
#1 /home/u521976387/domains/erptec.net/public_html/erp/vendor/laravel/framework/src/Illuminate/Container/Container.php(816): Illuminate\\Container\\Container->resolveDependencies(Array)
#2 /home/u521976387/domains/erptec.net/public_html/erp/vendor/laravel/framework/src/Illuminate/Container/Container.php(667): Illuminate\\Container\\Container->build('App\\\\Http\\\\Contro...')
#3 /home/u521976387/domains/erptec.net/public_html/erp/vendor/laravel/framework/src/Illuminate/Container/Container.php(615): Illuminate\\Container\\Container->resolve('App\\\\Http\\\\Contro...', Array)
#4 /home/u521976387/domains/erptec.net/public_html/erp/vendor/laravel/framework/src/Illuminate/Foundation/Application.php(767): Illuminate\\Container\\Container->make('App\\\\Http\\\\Contro...', Array)
#5 /home/u521976387/domains/erptec.net/public_html/erp/vendor/laravel/framework/src/Illuminate/Routing/Route.php(233): Illuminate\\Foundation\\Application->make('App\\\\Http\\\\Contro...')
#6 /home/u521976387/domains/erptec.net/public_html/erp/vendor/laravel/framework/src/Illuminate/Routing/Route.php(833): Illuminate\\Routing\\Route->getController()
#7 /home/u521976387/domains/erptec.net/public_html/erp/vendor/laravel/framework/src/Illuminate/Routing/Route.php(794): Illuminate\\Routing\\Route->controllerMiddleware()
#8 /home/u521976387/domains/erptec.net/public_html/erp/vendor/laravel/framework/src/Illuminate/Routing/Router.php(693): Illuminate\\Routing\\Route->gatherMiddleware()
#9 /home/u521976387/domains/erptec.net/public_html/erp/vendor/laravel/framework/src/Illuminate/Routing/Router.php(673): Illuminate\\Routing\\Router->gatherRouteMiddleware(Object(Illuminate\\Routing\\Route))
#10 /home/u521976387/domains/erptec.net/public_html/erp/vendor/laravel/framework/src/Illuminate/Routing/Router.php(657): Illuminate\\Routing\\Router->runRouteWithinStack(Object(Illuminate\\Routing\\Route), Object(Illuminate\\Http\\Request))
#11 /home/u521976387/domains/erptec.net/public_html/erp/vendor/laravel/framework/src/Illuminate/Routing/Router.php(623): Illuminate\\Routing\\Router->runRoute(Object(Illuminate\\Http\\Request), Object(Illuminate\\Routing\\Route))
#12 /home/u521976387/domains/erptec.net/public_html/erp/vendor/laravel/framework/src/Illuminate/Routing/Router.php(612): Illuminate\\Routing\\Router->dispatchToRoute(Object(Illuminate\\Http\\Request))
#13 /home/u521976387/domains/erptec.net/public_html/erp/vendor/laravel/framework/src/Illuminate/Foundation/Http/Kernel.php(176): Illuminate\\Routing\\Router->dispatch(Object(Illuminate\\Http\\Request))
#14 /home/u521976387/domains/erptec.net/public_html/erp/vendor/laravel/framework/src/Illuminate/Routing/Pipeline.php(30): Illuminate\\Foundation\\Http\\Kernel->Illuminate\\Foundation\\Http\\{closure}(Object(Illuminate\\Http\\Request))
#15 /home/u521976387/domains/erptec.net/public_html/erp/vendor/barryvdh/laravel-debugbar/src/Middleware/InjectDebugbar.php(58): Illuminate\\Routing\\Pipeline->Illuminate\\Routing\\{closure}(Object(Illuminate\\Http\\Request))
#16 /home/u521976387/domains/erptec.net/public_html/erp/vendor/laravel/framework/src/Illuminate/Pipeline/Pipeline.php(163): Barryvdh\\Debugbar\\Middleware\\InjectDebugbar->handle(Object(Illuminate\\Http\\Request), Object(Closure))
#17 /home/u521976387/domains/erptec.net/public_html/erp/vendor/laravel/framework/src/Illuminate/Routing/Pipeline.php(53): Illuminate\\Pipeline\\Pipeline->Illuminate\\Pipeline\\{closure}(Object(Illuminate\\Http\\Request))
#18 /home/u521976387/domains/erptec.net/public_html/erp/vendor/fideloper/proxy/src/TrustProxies.php(57): Illuminate\\Routing\\Pipeline->Illuminate\\Routing\\{closure}(Object(Illuminate\\Http\\Request))
#19 /home/u521976387/domains/erptec.net/public_html/erp/vendor/laravel/framework/src/Illuminate/Pipeline/Pipeline.php(163): Fideloper\\Proxy\\TrustProxies->handle(Object(Illuminate\\Http\\Request), Object(Closure))
#20 /home/u521976387/domains/erptec.net/public_html/erp/vendor/laravel/framework/src/Illuminate/Routing/Pipeline.php(53): Illuminate\\Pipeline\\Pipeline->Illuminate\\Pipeline\\{closure}(Object(Illuminate\\Http\\Request))
#21 /home/u521976387/domains/erptec.net/public_html/erp/vendor/laravel/framework/src/Illuminate/Foundation/Http/Middleware/TransformsRequest.php(21): Illuminate\\Routing\\Pipeline->Illuminate\\Routing\\{closure}(Object(Illuminate\\Http\\Request))
#22 /home/u521976387/domains/erptec.net/public_html/erp/vendor/laravel/framework/src/Illuminate/Pipeline/Pipeline.php(163): Illuminate\\Foundation\\Http\\Middleware\\TransformsRequest->handle(Object(Illuminate\\Http\\Request), Object(Closure))
#23 /home/u521976387/domains/erptec.net/public_html/erp/vendor/laravel/framework/src/Illuminate/Routing/Pipeline.php(53): Illuminate\\Pipeline\\Pipeline->Illuminate\\Pipeline\\{closure}(Object(Illuminate\\Http\\Request))
#24 /home/u521976387/domains/erptec.net/public_html/erp/vendor/laravel/framework/src/Illuminate/Foundation/Http/Middleware/TransformsRequest.php(21): Illuminate\\Routing\\Pipeline->Illuminate\\Routing\\{closure}(Object(Illuminate\\Http\\Request))
#25 /home/u521976387/domains/erptec.net/public_html/erp/vendor/laravel/framework/src/Illuminate/Pipeline/Pipeline.php(163): Illuminate\\Foundation\\Http\\Middleware\\TransformsRequest->handle(Object(Illuminate\\Http\\Request), Object(Closure))
#26 /home/u521976387/domains/erptec.net/public_html/erp/vendor/laravel/framework/src/Illuminate/Routing/Pipeline.php(53): Illuminate\\Pipeline\\Pipeline->Illuminate\\Pipeline\\{closure}(Object(Illuminate\\Http\\Request))
#27 /home/u521976387/domains/erptec.net/public_html/erp/vendor/laravel/framework/src/Illuminate/Foundation/Http/Middleware/ValidatePostSize.php(27): Illuminate\\Routing\\Pipeline->Illuminate\\Routing\\{closure}(Object(Illuminate\\Http\\Request))
#28 /home/u521976387/domains/erptec.net/public_html/erp/vendor/laravel/framework/src/Illuminate/Pipeline/Pipeline.php(163): Illuminate\\Foundation\\Http\\Middleware\\ValidatePostSize->handle(Object(Illuminate\\Http\\Request), Object(Closure))
#29 /home/u521976387/domains/erptec.net/public_html/erp/vendor/laravel/framework/src/Illuminate/Routing/Pipeline.php(53): Illuminate\\Pipeline\\Pipeline->Illuminate\\Pipeline\\{closure}(Object(Illuminate\\Http\\Request))
#30 /home/u521976387/domains/erptec.net/public_html/erp/vendor/laravel/framework/src/Illuminate/Foundation/Http/Middleware/CheckForMaintenanceMode.php(62): Illuminate\\Routing\\Pipeline->Illuminate\\Routing\\{closure}(Object(Illuminate\\Http\\Request))
#31 /home/u521976387/domains/erptec.net/public_html/erp/vendor/laravel/framework/src/Illuminate/Pipeline/Pipeline.php(163): Illuminate\\Foundation\\Http\\Middleware\\CheckForMaintenanceMode->handle(Object(Illuminate\\Http\\Request), Object(Closure))
#32 /home/u521976387/domains/erptec.net/public_html/erp/vendor/laravel/framework/src/Illuminate/Routing/Pipeline.php(53): Illuminate\\Pipeline\\Pipeline->Illuminate\\Pipeline\\{closure}(Object(Illuminate\\Http\\Request))
#33 /home/u521976387/domains/erptec.net/public_html/erp/vendor/laravel/framework/src/Illuminate/Pipeline/Pipeline.php(104): Illuminate\\Routing\\Pipeline->Illuminate\\Routing\\{closure}(Object(Illuminate\\Http\\Request))
#34 /home/u521976387/domains/erptec.net/public_html/erp/vendor/laravel/framework/src/Illuminate/Foundation/Http/Kernel.php(151): Illuminate\\Pipeline\\Pipeline->then(Object(Closure))
#35 /home/u521976387/domains/erptec.net/public_html/erp/vendor/laravel/framework/src/Illuminate/Foundation/Http/Kernel.php(116): Illuminate\\Foundation\\Http\\Kernel->sendRequestThroughRouter(Object(Illuminate\\Http\\Request))
#36 /home/u521976387/domains/erptec.net/public_html/erp/index.php(53): Illuminate\\Foundation\\Http\\Kernel->handle(Object(Illuminate\\Http\\Request))
#37 {main}
"} 
[2023-05-09 08:55:52] production.ERROR: Class App\Repositories\BusinessLocationRepository does not exist {"exception":"[object] (ReflectionException(code: 0): Class App\\Repositories\\BusinessLocationRepository does not exist at /home/u521976387/domains/erptec.net/public_html/erp/vendor/laravel/framework/src/Illuminate/Container/Container.php:853, ParseError(code: 0): syntax error, unexpected 'dd' (T_STRING) at /home/u521976387/domains/erptec.net/public_html/erp/app/Repositories/BusinessLocationRepository.php:48)
[stacktrace]
#0 /home/u521976387/domains/erptec.net/public_html/erp/vendor/laravel/framework/src/Illuminate/Container/Container.php(853): ReflectionParameter->getClass()
#1 /home/u521976387/domains/erptec.net/public_html/erp/vendor/laravel/framework/src/Illuminate/Container/Container.php(816): Illuminate\\Container\\Container->resolveDependencies(Array)
#2 /home/u521976387/domains/erptec.net/public_html/erp/vendor/laravel/framework/src/Illuminate/Container/Container.php(667): Illuminate\\Container\\Container->build('App\\\\Http\\\\Contro...')
#3 /home/u521976387/domains/erptec.net/public_html/erp/vendor/laravel/framework/src/Illuminate/Container/Container.php(615): Illuminate\\Container\\Container->resolve('App\\\\Http\\\\Contro...', Array)
#4 /home/u521976387/domains/erptec.net/public_html/erp/vendor/laravel/framework/src/Illuminate/Foundation/Application.php(767): Illuminate\\Container\\Container->make('App\\\\Http\\\\Contro...', Array)
#5 /home/u521976387/domains/erptec.net/public_html/erp/vendor/laravel/framework/src/Illuminate/Routing/Route.php(233): Illuminate\\Foundation\\Application->make('App\\\\Http\\\\Contro...')
#6 /home/u521976387/domains/erptec.net/public_html/erp/vendor/laravel/framework/src/Illuminate/Routing/Route.php(833): Illuminate\\Routing\\Route->getController()
#7 /home/u521976387/domains/erptec.net/public_html/erp/vendor/laravel/framework/src/Illuminate/Routing/Route.php(794): Illuminate\\Routing\\Route->controllerMiddleware()
#8 /home/u521976387/domains/erptec.net/public_html/erp/vendor/laravel/framework/src/Illuminate/Routing/Router.php(693): Illuminate\\Routing\\Route->gatherMiddleware()
#9 /home/u521976387/domains/erptec.net/public_html/erp/vendor/laravel/framework/src/Illuminate/Routing/Router.php(673): Illuminate\\Routing\\Router->gatherRouteMiddleware(Object(Illuminate\\Routing\\Route))
#10 /home/u521976387/domains/erptec.net/public_html/erp/vendor/laravel/framework/src/Illuminate/Routing/Router.php(657): Illuminate\\Routing\\Router->runRouteWithinStack(Object(Illuminate\\Routing\\Route), Object(Illuminate\\Http\\Request))
#11 /home/u521976387/domains/erptec.net/public_html/erp/vendor/laravel/framework/src/Illuminate/Routing/Router.php(623): Illuminate\\Routing\\Router->runRoute(Object(Illuminate\\Http\\Request), Object(Illuminate\\Routing\\Route))
#12 /home/u521976387/domains/erptec.net/public_html/erp/vendor/laravel/framework/src/Illuminate/Routing/Router.php(612): Illuminate\\Routing\\Router->dispatchToRoute(Object(Illuminate\\Http\\Request))
#13 /home/u521976387/domains/erptec.net/public_html/erp/vendor/laravel/framework/src/Illuminate/Foundation/Http/Kernel.php(176): Illuminate\\Routing\\Router->dispatch(Object(Illuminate\\Http\\Request))
#14 /home/u521976387/domains/erptec.net/public_html/erp/vendor/laravel/framework/src/Illuminate/Routing/Pipeline.php(30): Illuminate\\Foundation\\Http\\Kernel->Illuminate\\Foundation\\Http\\{closure}(Object(Illuminate\\Http\\Request))
#15 /home/u521976387/domains/erptec.net/public_html/erp/vendor/barryvdh/laravel-debugbar/src/Middleware/InjectDebugbar.php(58): Illuminate\\Routing\\Pipeline->Illuminate\\Routing\\{closure}(Object(Illuminate\\Http\\Request))
#16 /home/u521976387/domains/erptec.net/public_html/erp/vendor/laravel/framework/src/Illuminate/Pipeline/Pipeline.php(163): Barryvdh\\Debugbar\\Middleware\\InjectDebugbar->handle(Object(Illuminate\\Http\\Request), Object(Closure))
#17 /home/u521976387/domains/erptec.net/public_html/erp/vendor/laravel/framework/src/Illuminate/Routing/Pipeline.php(53): Illuminate\\Pipeline\\Pipeline->Illuminate\\Pipeline\\{closure}(Object(Illuminate\\Http\\Request))
#18 /home/u521976387/domains/erptec.net/public_html/erp/vendor/fideloper/proxy/src/TrustProxies.php(57): Illuminate\\Routing\\Pipeline->Illuminate\\Routing\\{closure}(Object(Illuminate\\Http\\Request))
#19 /home/u521976387/domains/erptec.net/public_html/erp/vendor/laravel/framework/src/Illuminate/Pipeline/Pipeline.php(163): Fideloper\\Proxy\\TrustProxies->handle(Object(Illuminate\\Http\\Request), Object(Closure))
#20 /home/u521976387/domains/erptec.net/public_html/erp/vendor/laravel/framework/src/Illuminate/Routing/Pipeline.php(53): Illuminate\\Pipeline\\Pipeline->Illuminate\\Pipeline\\{closure}(Object(Illuminate\\Http\\Request))
#21 /home/u521976387/domains/erptec.net/public_html/erp/vendor/laravel/framework/src/Illuminate/Foundation/Http/Middleware/TransformsRequest.php(21): Illuminate\\Routing\\Pipeline->Illuminate\\Routing\\{closure}(Object(Illuminate\\Http\\Request))
#22 /home/u521976387/domains/erptec.net/public_html/erp/vendor/laravel/framework/src/Illuminate/Pipeline/Pipeline.php(163): Illuminate\\Foundation\\Http\\Middleware\\TransformsRequest->handle(Object(Illuminate\\Http\\Request), Object(Closure))
#23 /home/u521976387/domains/erptec.net/public_html/erp/vendor/laravel/framework/src/Illuminate/Routing/Pipeline.php(53): Illuminate\\Pipeline\\Pipeline->Illuminate\\Pipeline\\{closure}(Object(Illuminate\\Http\\Request))
#24 /home/u521976387/domains/erptec.net/public_html/erp/vendor/laravel/framework/src/Illuminate/Foundation/Http/Middleware/TransformsRequest.php(21): Illuminate\\Routing\\Pipeline->Illuminate\\Routing\\{closure}(Object(Illuminate\\Http\\Request))
#25 /home/u521976387/domains/erptec.net/public_html/erp/vendor/laravel/framework/src/Illuminate/Pipeline/Pipeline.php(163): Illuminate\\Foundation\\Http\\Middleware\\TransformsRequest->handle(Object(Illuminate\\Http\\Request), Object(Closure))
#26 /home/u521976387/domains/erptec.net/public_html/erp/vendor/laravel/framework/src/Illuminate/Routing/Pipeline.php(53): Illuminate\\Pipeline\\Pipeline->Illuminate\\Pipeline\\{closure}(Object(Illuminate\\Http\\Request))
#27 /home/u521976387/domains/erptec.net/public_html/erp/vendor/laravel/framework/src/Illuminate/Foundation/Http/Middleware/ValidatePostSize.php(27): Illuminate\\Routing\\Pipeline->Illuminate\\Routing\\{closure}(Object(Illuminate\\Http\\Request))
#28 /home/u521976387/domains/erptec.net/public_html/erp/vendor/laravel/framework/src/Illuminate/Pipeline/Pipeline.php(163): Illuminate\\Foundation\\Http\\Middleware\\ValidatePostSize->handle(Object(Illuminate\\Http\\Request), Object(Closure))
#29 /home/u521976387/domains/erptec.net/public_html/erp/vendor/laravel/framework/src/Illuminate/Routing/Pipeline.php(53): Illuminate\\Pipeline\\Pipeline->Illuminate\\Pipeline\\{closure}(Object(Illuminate\\Http\\Request))
#30 /home/u521976387/domains/erptec.net/public_html/erp/vendor/laravel/framework/src/Illuminate/Foundation/Http/Middleware/CheckForMaintenanceMode.php(62): Illuminate\\Routing\\Pipeline->Illuminate\\Routing\\{closure}(Object(Illuminate\\Http\\Request))
#31 /home/u521976387/domains/erptec.net/public_html/erp/vendor/laravel/framework/src/Illuminate/Pipeline/Pipeline.php(163): Illuminate\\Foundation\\Http\\Middleware\\CheckForMaintenanceMode->handle(Object(Illuminate\\Http\\Request), Object(Closure))
#32 /home/u521976387/domains/erptec.net/public_html/erp/vendor/laravel/framework/src/Illuminate/Routing/Pipeline.php(53): Illuminate\\Pipeline\\Pipeline->Illuminate\\Pipeline\\{closure}(Object(Illuminate\\Http\\Request))
#33 /home/u521976387/domains/erptec.net/public_html/erp/vendor/laravel/framework/src/Illuminate/Pipeline/Pipeline.php(104): Illuminate\\Routing\\Pipeline->Illuminate\\Routing\\{closure}(Object(Illuminate\\Http\\Request))
#34 /home/u521976387/domains/erptec.net/public_html/erp/vendor/laravel/framework/src/Illuminate/Foundation/Http/Kernel.php(151): Illuminate\\Pipeline\\Pipeline->then(Object(Closure))
#35 /home/u521976387/domains/erptec.net/public_html/erp/vendor/laravel/framework/src/Illuminate/Foundation/Http/Kernel.php(116): Illuminate\\Foundation\\Http\\Kernel->sendRequestThroughRouter(Object(Illuminate\\Http\\Request))
#36 /home/u521976387/domains/erptec.net/public_html/erp/index.php(53): Illuminate\\Foundation\\Http\\Kernel->handle(Object(Illuminate\\Http\\Request))
#37 {main}
"} 
[2023-05-09 08:55:53] production.ERROR: Class App\Repositories\BusinessLocationRepository does not exist {"exception":"[object] (ReflectionException(code: 0): Class App\\Repositories\\BusinessLocationRepository does not exist at /home/u521976387/domains/erptec.net/public_html/erp/vendor/laravel/framework/src/Illuminate/Container/Container.php:853, ParseError(code: 0): syntax error, unexpected 'dd' (T_STRING) at /home/u521976387/domains/erptec.net/public_html/erp/app/Repositories/BusinessLocationRepository.php:48)
[stacktrace]
#0 /home/u521976387/domains/erptec.net/public_html/erp/vendor/laravel/framework/src/Illuminate/Container/Container.php(853): ReflectionParameter->getClass()
#1 /home/u521976387/domains/erptec.net/public_html/erp/vendor/laravel/framework/src/Illuminate/Container/Container.php(816): Illuminate\\Container\\Container->resolveDependencies(Array)
#2 /home/u521976387/domains/erptec.net/public_html/erp/vendor/laravel/framework/src/Illuminate/Container/Container.php(667): Illuminate\\Container\\Container->build('App\\\\Http\\\\Contro...')
#3 /home/u521976387/domains/erptec.net/public_html/erp/vendor/laravel/framework/src/Illuminate/Container/Container.php(615): Illuminate\\Container\\Container->resolve('App\\\\Http\\\\Contro...', Array)
#4 /home/u521976387/domains/erptec.net/public_html/erp/vendor/laravel/framework/src/Illuminate/Foundation/Application.php(767): Illuminate\\Container\\Container->make('App\\\\Http\\\\Contro...', Array)
#5 /home/u521976387/domains/erptec.net/public_html/erp/vendor/laravel/framework/src/Illuminate/Routing/Route.php(233): Illuminate\\Foundation\\Application->make('App\\\\Http\\\\Contro...')
#6 /home/u521976387/domains/erptec.net/public_html/erp/vendor/laravel/framework/src/Illuminate/Routing/Route.php(833): Illuminate\\Routing\\Route->getController()
#7 /home/u521976387/domains/erptec.net/public_html/erp/vendor/laravel/framework/src/Illuminate/Routing/Route.php(794): Illuminate\\Routing\\Route->controllerMiddleware()
#8 /home/u521976387/domains/erptec.net/public_html/erp/vendor/laravel/framework/src/Illuminate/Routing/Router.php(693): Illuminate\\Routing\\Route->gatherMiddleware()
#9 /home/u521976387/domains/erptec.net/public_html/erp/vendor/laravel/framework/src/Illuminate/Routing/Router.php(673): Illuminate\\Routing\\Router->gatherRouteMiddleware(Object(Illuminate\\Routing\\Route))
#10 /home/u521976387/domains/erptec.net/public_html/erp/vendor/laravel/framework/src/Illuminate/Routing/Router.php(657): Illuminate\\Routing\\Router->runRouteWithinStack(Object(Illuminate\\Routing\\Route), Object(Illuminate\\Http\\Request))
#11 /home/u521976387/domains/erptec.net/public_html/erp/vendor/laravel/framework/src/Illuminate/Routing/Router.php(623): Illuminate\\Routing\\Router->runRoute(Object(Illuminate\\Http\\Request), Object(Illuminate\\Routing\\Route))
#12 /home/u521976387/domains/erptec.net/public_html/erp/vendor/laravel/framework/src/Illuminate/Routing/Router.php(612): Illuminate\\Routing\\Router->dispatchToRoute(Object(Illuminate\\Http\\Request))
#13 /home/u521976387/domains/erptec.net/public_html/erp/vendor/laravel/framework/src/Illuminate/Foundation/Http/Kernel.php(176): Illuminate\\Routing\\Router->dispatch(Object(Illuminate\\Http\\Request))
#14 /home/u521976387/domains/erptec.net/public_html/erp/vendor/laravel/framework/src/Illuminate/Routing/Pipeline.php(30): Illuminate\\Foundation\\Http\\Kernel->Illuminate\\Foundation\\Http\\{closure}(Object(Illuminate\\Http\\Request))
#15 /home/u521976387/domains/erptec.net/public_html/erp/vendor/barryvdh/laravel-debugbar/src/Middleware/InjectDebugbar.php(58): Illuminate\\Routing\\Pipeline->Illuminate\\Routing\\{closure}(Object(Illuminate\\Http\\Request))
#16 /home/u521976387/domains/erptec.net/public_html/erp/vendor/laravel/framework/src/Illuminate/Pipeline/Pipeline.php(163): Barryvdh\\Debugbar\\Middleware\\InjectDebugbar->handle(Object(Illuminate\\Http\\Request), Object(Closure))
#17 /home/u521976387/domains/erptec.net/public_html/erp/vendor/laravel/framework/src/Illuminate/Routing/Pipeline.php(53): Illuminate\\Pipeline\\Pipeline->Illuminate\\Pipeline\\{closure}(Object(Illuminate\\Http\\Request))
#18 /home/u521976387/domains/erptec.net/public_html/erp/vendor/fideloper/proxy/src/TrustProxies.php(57): Illuminate\\Routing\\Pipeline->Illuminate\\Routing\\{closure}(Object(Illuminate\\Http\\Request))
#19 /home/u521976387/domains/erptec.net/public_html/erp/vendor/laravel/framework/src/Illuminate/Pipeline/Pipeline.php(163): Fideloper\\Proxy\\TrustProxies->handle(Object(Illuminate\\Http\\Request), Object(Closure))
#20 /home/u521976387/domains/erptec.net/public_html/erp/vendor/laravel/framework/src/Illuminate/Routing/Pipeline.php(53): Illuminate\\Pipeline\\Pipeline->Illuminate\\Pipeline\\{closure}(Object(Illuminate\\Http\\Request))
#21 /home/u521976387/domains/erptec.net/public_html/erp/vendor/laravel/framework/src/Illuminate/Foundation/Http/Middleware/TransformsRequest.php(21): Illuminate\\Routing\\Pipeline->Illuminate\\Routing\\{closure}(Object(Illuminate\\Http\\Request))
#22 /home/u521976387/domains/erptec.net/public_html/erp/vendor/laravel/framework/src/Illuminate/Pipeline/Pipeline.php(163): Illuminate\\Foundation\\Http\\Middleware\\TransformsRequest->handle(Object(Illuminate\\Http\\Request), Object(Closure))
#23 /home/u521976387/domains/erptec.net/public_html/erp/vendor/laravel/framework/src/Illuminate/Routing/Pipeline.php(53): Illuminate\\Pipeline\\Pipeline->Illuminate\\Pipeline\\{closure}(Object(Illuminate\\Http\\Request))
#24 /home/u521976387/domains/erptec.net/public_html/erp/vendor/laravel/framework/src/Illuminate/Foundation/Http/Middleware/TransformsRequest.php(21): Illuminate\\Routing\\Pipeline->Illuminate\\Routing\\{closure}(Object(Illuminate\\Http\\Request))
#25 /home/u521976387/domains/erptec.net/public_html/erp/vendor/laravel/framework/src/Illuminate/Pipeline/Pipeline.php(163): Illuminate\\Foundation\\Http\\Middleware\\TransformsRequest->handle(Object(Illuminate\\Http\\Request), Object(Closure))
#26 /home/u521976387/domains/erptec.net/public_html/erp/vendor/laravel/framework/src/Illuminate/Routing/Pipeline.php(53): Illuminate\\Pipeline\\Pipeline->Illuminate\\Pipeline\\{closure}(Object(Illuminate\\Http\\Request))
#27 /home/u521976387/domains/erptec.net/public_html/erp/vendor/laravel/framework/src/Illuminate/Foundation/Http/Middleware/ValidatePostSize.php(27): Illuminate\\Routing\\Pipeline->Illuminate\\Routing\\{closure}(Object(Illuminate\\Http\\Request))
#28 /home/u521976387/domains/erptec.net/public_html/erp/vendor/laravel/framework/src/Illuminate/Pipeline/Pipeline.php(163): Illuminate\\Foundation\\Http\\Middleware\\ValidatePostSize->handle(Object(Illuminate\\Http\\Request), Object(Closure))
#29 /home/u521976387/domains/erptec.net/public_html/erp/vendor/laravel/framework/src/Illuminate/Routing/Pipeline.php(53): Illuminate\\Pipeline\\Pipeline->Illuminate\\Pipeline\\{closure}(Object(Illuminate\\Http\\Request))
#30 /home/u521976387/domains/erptec.net/public_html/erp/vendor/laravel/framework/src/Illuminate/Foundation/Http/Middleware/CheckForMaintenanceMode.php(62): Illuminate\\Routing\\Pipeline->Illuminate\\Routing\\{closure}(Object(Illuminate\\Http\\Request))
#31 /home/u521976387/domains/erptec.net/public_html/erp/vendor/laravel/framework/src/Illuminate/Pipeline/Pipeline.php(163): Illuminate\\Foundation\\Http\\Middleware\\CheckForMaintenanceMode->handle(Object(Illuminate\\Http\\Request), Object(Closure))
#32 /home/u521976387/domains/erptec.net/public_html/erp/vendor/laravel/framework/src/Illuminate/Routing/Pipeline.php(53): Illuminate\\Pipeline\\Pipeline->Illuminate\\Pipeline\\{closure}(Object(Illuminate\\Http\\Request))
#33 /home/u521976387/domains/erptec.net/public_html/erp/vendor/laravel/framework/src/Illuminate/Pipeline/Pipeline.php(104): Illuminate\\Routing\\Pipeline->Illuminate\\Routing\\{closure}(Object(Illuminate\\Http\\Request))
#34 /home/u521976387/domains/erptec.net/public_html/erp/vendor/laravel/framework/src/Illuminate/Foundation/Http/Kernel.php(151): Illuminate\\Pipeline\\Pipeline->then(Object(Closure))
#35 /home/u521976387/domains/erptec.net/public_html/erp/vendor/laravel/framework/src/Illuminate/Foundation/Http/Kernel.php(116): Illuminate\\Foundation\\Http\\Kernel->sendRequestThroughRouter(Object(Illuminate\\Http\\Request))
#36 /home/u521976387/domains/erptec.net/public_html/erp/index.php(53): Illuminate\\Foundation\\Http\\Kernel->handle(Object(Illuminate\\Http\\Request))
#37 {main}
"} 
[2023-05-09 09:03:10] production.ERROR: Cannot use App\Traits\BusinessUtil as BusinessUtil because the name is already in use {"exception":"[object] (Symfony\\Component\\Debug\\Exception\\FatalErrorException(code: 64): Cannot use App\\Traits\\BusinessUtil as BusinessUtil because the name is already in use at /home/u521976387/domains/erptec.net/public_html/erp/app/Http/Controllers/BusinessController.php:30)
[stacktrace]
#0 {main}
"} 
[2023-05-09 09:03:11] production.ERROR: Cannot use App\Traits\BusinessUtil as BusinessUtil because the name is already in use {"exception":"[object] (Symfony\\Component\\Debug\\Exception\\FatalErrorException(code: 64): Cannot use App\\Traits\\BusinessUtil as BusinessUtil because the name is already in use at /home/u521976387/domains/erptec.net/public_html/erp/app/Http/Controllers/BusinessController.php:30)
[stacktrace]
#0 {main}
"} 
[2023-05-09 09:03:30] production.ERROR: Cannot use App\Traits\BusinessUtil as BusinessUtil because the name is already in use {"exception":"[object] (Symfony\\Component\\Debug\\Exception\\FatalErrorException(code: 64): Cannot use App\\Traits\\BusinessUtil as BusinessUtil because the name is already in use at /home/u521976387/domains/erptec.net/public_html/erp/app/Http/Controllers/BusinessController.php:30)
[stacktrace]
#0 {main}
"} 
[2023-05-09 09:03:31] production.ERROR: Cannot use App\Traits\BusinessUtil as BusinessUtil because the name is already in use {"exception":"[object] (Symfony\\Component\\Debug\\Exception\\FatalErrorException(code: 64): Cannot use App\\Traits\\BusinessUtil as BusinessUtil because the name is already in use at /home/u521976387/domains/erptec.net/public_html/erp/app/Http/Controllers/BusinessController.php:30)
[stacktrace]
#0 {main}
"} 
[2023-05-09 09:34:58] production.ERROR: Declaration of App\Repositories\InvoiceLayoutRepository::getDefault($business_id, array $select = Array) must be compatible with App\Interfaces\InvoiceLayoutInterface::getDefault($business_id, $select = Array) {"exception":"[object] (Symfony\\Component\\Debug\\Exception\\FatalErrorException(code: 64): Declaration of App\\Repositories\\InvoiceLayoutRepository::getDefault($business_id, array $select = Array) must be compatible with App\\Interfaces\\InvoiceLayoutInterface::getDefault($business_id, $select = Array) at /home/u521976387/domains/erptec.net/public_html/erp/app/Repositories/InvoiceLayoutRepository.php:16)
[stacktrace]
#0 {main}
"} 
[2023-05-09 09:34:59] production.ERROR: Declaration of App\Repositories\InvoiceLayoutRepository::getDefault($business_id, array $select = Array) must be compatible with App\Interfaces\InvoiceLayoutInterface::getDefault($business_id, $select = Array) {"exception":"[object] (Symfony\\Component\\Debug\\Exception\\FatalErrorException(code: 64): Declaration of App\\Repositories\\InvoiceLayoutRepository::getDefault($business_id, array $select = Array) must be compatible with App\\Interfaces\\InvoiceLayoutInterface::getDefault($business_id, $select = Array) at /home/u521976387/domains/erptec.net/public_html/erp/app/Repositories/InvoiceLayoutRepository.php:16)
[stacktrace]
#0 {main}
"} 
[2023-05-09 09:35:00] production.ERROR: Declaration of App\Repositories\InvoiceLayoutRepository::getDefault($business_id, array $select = Array) must be compatible with App\Interfaces\InvoiceLayoutInterface::getDefault($business_id, $select = Array) {"exception":"[object] (Symfony\\Component\\Debug\\Exception\\FatalErrorException(code: 64): Declaration of App\\Repositories\\InvoiceLayoutRepository::getDefault($business_id, array $select = Array) must be compatible with App\\Interfaces\\InvoiceLayoutInterface::getDefault($business_id, $select = Array) at /home/u521976387/domains/erptec.net/public_html/erp/app/Repositories/InvoiceLayoutRepository.php:16)
[stacktrace]
#0 {main}
"} 
[2023-05-09 09:35:29] production.ERROR: Declaration of App\Repositories\InvoiceLayoutRepository::getDefault($business_id, array $select = Array) must be compatible with App\Interfaces\InvoiceLayoutInterface::getDefault($business_id, $select = Array) {"exception":"[object] (Symfony\\Component\\Debug\\Exception\\FatalErrorException(code: 64): Declaration of App\\Repositories\\InvoiceLayoutRepository::getDefault($business_id, array $select = Array) must be compatible with App\\Interfaces\\InvoiceLayoutInterface::getDefault($business_id, $select = Array) at /home/u521976387/domains/erptec.net/public_html/erp/app/Repositories/InvoiceLayoutRepository.php:16)
[stacktrace]
#0 {main}
"} 
[2023-05-09 09:35:29] production.ERROR: Declaration of App\Repositories\InvoiceLayoutRepository::getDefault($business_id, array $select = Array) must be compatible with App\Interfaces\InvoiceLayoutInterface::getDefault($business_id, $select = Array) {"exception":"[object] (Symfony\\Component\\Debug\\Exception\\FatalErrorException(code: 64): Declaration of App\\Repositories\\InvoiceLayoutRepository::getDefault($business_id, array $select = Array) must be compatible with App\\Interfaces\\InvoiceLayoutInterface::getDefault($business_id, $select = Array) at /home/u521976387/domains/erptec.net/public_html/erp/app/Repositories/InvoiceLayoutRepository.php:16)
[stacktrace]
#0 {main}
"} 
[2023-05-09 09:35:50] production.ERROR: Declaration of App\Repositories\InvoiceSchemeRepository::getDefault($business_id, array $select = Array) must be compatible with App\Interfaces\InvoiceSchemeInterface::getDefault($business_id, $select = Array) {"exception":"[object] (Symfony\\Component\\Debug\\Exception\\FatalErrorException(code: 64): Declaration of App\\Repositories\\InvoiceSchemeRepository::getDefault($business_id, array $select = Array) must be compatible with App\\Interfaces\\InvoiceSchemeInterface::getDefault($business_id, $select = Array) at /home/u521976387/domains/erptec.net/public_html/erp/app/Repositories/InvoiceSchemeRepository.php:16)
[stacktrace]
#0 {main}
"} 
[2023-05-09 09:35:50] production.ERROR: Declaration of App\Repositories\InvoiceSchemeRepository::getDefault($business_id, array $select = Array) must be compatible with App\Interfaces\InvoiceSchemeInterface::getDefault($business_id, $select = Array) {"exception":"[object] (Symfony\\Component\\Debug\\Exception\\FatalErrorException(code: 64): Declaration of App\\Repositories\\InvoiceSchemeRepository::getDefault($business_id, array $select = Array) must be compatible with App\\Interfaces\\InvoiceSchemeInterface::getDefault($business_id, $select = Array) at /home/u521976387/domains/erptec.net/public_html/erp/app/Repositories/InvoiceSchemeRepository.php:16)
[stacktrace]
#0 {main}
"} 
[2023-05-09 09:36:12] production.ERROR: Declaration of App\Repositories\BusinessLocationRepository::addLocation($business_id, $location_details, $invoice_scheme_id = NULL, $invoice_layout_id = NULL) must be compatible with App\Interfaces\BusinessLocationInterface::addLocation($business_id, &$location_details, $invoice_scheme_id = NULL, $invoice_layout_id = NULL) {"exception":"[object] (Symfony\\Component\\Debug\\Exception\\FatalErrorException(code: 64): Declaration of App\\Repositories\\BusinessLocationRepository::addLocation($business_id, $location_details, $invoice_scheme_id = NULL, $invoice_layout_id = NULL) must be compatible with App\\Interfaces\\BusinessLocationInterface::addLocation($business_id, &$location_details, $invoice_scheme_id = NULL, $invoice_layout_id = NULL) at /home/u521976387/domains/erptec.net/public_html/erp/app/Repositories/BusinessLocationRepository.php:36)
[stacktrace]
#0 {main}
"} 
[2023-05-09 09:36:13] production.ERROR: Declaration of App\Repositories\BusinessLocationRepository::addLocation($business_id, $location_details, $invoice_scheme_id = NULL, $invoice_layout_id = NULL) must be compatible with App\Interfaces\BusinessLocationInterface::addLocation($business_id, &$location_details, $invoice_scheme_id = NULL, $invoice_layout_id = NULL) {"exception":"[object] (Symfony\\Component\\Debug\\Exception\\FatalErrorException(code: 64): Declaration of App\\Repositories\\BusinessLocationRepository::addLocation($business_id, $location_details, $invoice_scheme_id = NULL, $invoice_layout_id = NULL) must be compatible with App\\Interfaces\\BusinessLocationInterface::addLocation($business_id, &$location_details, $invoice_scheme_id = NULL, $invoice_layout_id = NULL) at /home/u521976387/domains/erptec.net/public_html/erp/app/Repositories/BusinessLocationRepository.php:36)
[stacktrace]
#0 {main}
"} 
[2023-05-09 09:37:18] production.ERROR: Declaration of App\Repositories\BusinessLocationRepository::addLocation($business_id, &$location_details, $invoice_scheme_id = NULL, $invoice_layout_id = NULL) must be compatible with App\Interfaces\BusinessLocationInterface::addLocation($business_id, $location_details, $invoice_scheme_id = NULL, $invoice_layout_id = NULL) {"exception":"[object] (Symfony\\Component\\Debug\\Exception\\FatalErrorException(code: 64): Declaration of App\\Repositories\\BusinessLocationRepository::addLocation($business_id, &$location_details, $invoice_scheme_id = NULL, $invoice_layout_id = NULL) must be compatible with App\\Interfaces\\BusinessLocationInterface::addLocation($business_id, $location_details, $invoice_scheme_id = NULL, $invoice_layout_id = NULL) at /home/u521976387/domains/erptec.net/public_html/erp/app/Repositories/BusinessLocationRepository.php:36)
[stacktrace]
#0 {main}
"} 
[2023-05-09 09:37:18] production.ERROR: Declaration of App\Repositories\BusinessLocationRepository::addLocation($business_id, &$location_details, $invoice_scheme_id = NULL, $invoice_layout_id = NULL) must be compatible with App\Interfaces\BusinessLocationInterface::addLocation($business_id, $location_details, $invoice_scheme_id = NULL, $invoice_layout_id = NULL) {"exception":"[object] (Symfony\\Component\\Debug\\Exception\\FatalErrorException(code: 64): Declaration of App\\Repositories\\BusinessLocationRepository::addLocation($business_id, &$location_details, $invoice_scheme_id = NULL, $invoice_layout_id = NULL) must be compatible with App\\Interfaces\\BusinessLocationInterface::addLocation($business_id, $location_details, $invoice_scheme_id = NULL, $invoice_layout_id = NULL) at /home/u521976387/domains/erptec.net/public_html/erp/app/Repositories/BusinessLocationRepository.php:36)
[stacktrace]
#0 {main}
"} 
[2023-05-09 09:37:45] production.ERROR: Declaration of App\Repositories\BusinessLocationRepository::addLocation($business_id, &$location_details, $invoice_scheme_id = NULL, $invoice_layout_id = NULL) must be compatible with App\Interfaces\BusinessLocationInterface::addLocation($business_id, $location_details, $invoice_scheme_id = NULL, $invoice_layout_id = NULL) {"exception":"[object] (Symfony\\Component\\Debug\\Exception\\FatalErrorException(code: 64): Declaration of App\\Repositories\\BusinessLocationRepository::addLocation($business_id, &$location_details, $invoice_scheme_id = NULL, $invoice_layout_id = NULL) must be compatible with App\\Interfaces\\BusinessLocationInterface::addLocation($business_id, $location_details, $invoice_scheme_id = NULL, $invoice_layout_id = NULL) at /home/u521976387/domains/erptec.net/public_html/erp/app/Repositories/BusinessLocationRepository.php:36)
[stacktrace]
#0 {main}
"} 
[2023-05-09 09:37:45] production.ERROR: Declaration of App\Repositories\BusinessLocationRepository::addLocation($business_id, &$location_details, $invoice_scheme_id = NULL, $invoice_layout_id = NULL) must be compatible with App\Interfaces\BusinessLocationInterface::addLocation($business_id, $location_details, $invoice_scheme_id = NULL, $invoice_layout_id = NULL) {"exception":"[object] (Symfony\\Component\\Debug\\Exception\\FatalErrorException(code: 64): Declaration of App\\Repositories\\BusinessLocationRepository::addLocation($business_id, &$location_details, $invoice_scheme_id = NULL, $invoice_layout_id = NULL) must be compatible with App\\Interfaces\\BusinessLocationInterface::addLocation($business_id, $location_details, $invoice_scheme_id = NULL, $invoice_layout_id = NULL) at /home/u521976387/domains/erptec.net/public_html/erp/app/Repositories/BusinessLocationRepository.php:36)
[stacktrace]
#0 {main}
"} 
[2023-05-09 09:39:28] production.ERROR: Declaration of App\Repositories\BusinessLocationRepository::addLocation($business_id, &$location_details, $invoice_scheme_id = NULL, $invoice_layout_id = NULL) must be compatible with App\Interfaces\BusinessLocationInterface::addLocation($business_id, $location_details, $invoice_scheme_id = NULL, $invoice_layout_id = NULL) {"exception":"[object] (Symfony\\Component\\Debug\\Exception\\FatalErrorException(code: 64): Declaration of App\\Repositories\\BusinessLocationRepository::addLocation($business_id, &$location_details, $invoice_scheme_id = NULL, $invoice_layout_id = NULL) must be compatible with App\\Interfaces\\BusinessLocationInterface::addLocation($business_id, $location_details, $invoice_scheme_id = NULL, $invoice_layout_id = NULL) at /home/u521976387/domains/erptec.net/public_html/erp/app/Repositories/BusinessLocationRepository.php:36)
[stacktrace]
#0 {main}
"} 
[2023-05-09 09:39:30] production.ERROR: Declaration of App\Repositories\BusinessLocationRepository::addLocation($business_id, &$location_details, $invoice_scheme_id = NULL, $invoice_layout_id = NULL) must be compatible with App\Interfaces\BusinessLocationInterface::addLocation($business_id, $location_details, $invoice_scheme_id = NULL, $invoice_layout_id = NULL) {"exception":"[object] (Symfony\\Component\\Debug\\Exception\\FatalErrorException(code: 64): Declaration of App\\Repositories\\BusinessLocationRepository::addLocation($business_id, &$location_details, $invoice_scheme_id = NULL, $invoice_layout_id = NULL) must be compatible with App\\Interfaces\\BusinessLocationInterface::addLocation($business_id, $location_details, $invoice_scheme_id = NULL, $invoice_layout_id = NULL) at /home/u521976387/domains/erptec.net/public_html/erp/app/Repositories/BusinessLocationRepository.php:36)
[stacktrace]
#0 {main}
"} 
[2023-05-09 09:39:58] production.ERROR: Declaration of App\Repositories\BusinessLocationRepository::addLocation($business_id, &$location_details, $invoice_scheme_id = NULL, $invoice_layout_id = NULL) must be compatible with App\Interfaces\BusinessLocationInterface::addLocation($business_id, $location_details, $invoice_scheme_id = NULL, $invoice_layout_id = NULL) {"exception":"[object] (Symfony\\Component\\Debug\\Exception\\FatalErrorException(code: 64): Declaration of App\\Repositories\\BusinessLocationRepository::addLocation($business_id, &$location_details, $invoice_scheme_id = NULL, $invoice_layout_id = NULL) must be compatible with App\\Interfaces\\BusinessLocationInterface::addLocation($business_id, $location_details, $invoice_scheme_id = NULL, $invoice_layout_id = NULL) at /home/u521976387/domains/erptec.net/public_html/erp/app/Repositories/BusinessLocationRepository.php:36)
[stacktrace]
#0 {main}
"} 
[2023-05-09 09:39:58] production.ERROR: Declaration of App\Repositories\BusinessLocationRepository::addLocation($business_id, &$location_details, $invoice_scheme_id = NULL, $invoice_layout_id = NULL) must be compatible with App\Interfaces\BusinessLocationInterface::addLocation($business_id, $location_details, $invoice_scheme_id = NULL, $invoice_layout_id = NULL) {"exception":"[object] (Symfony\\Component\\Debug\\Exception\\FatalErrorException(code: 64): Declaration of App\\Repositories\\BusinessLocationRepository::addLocation($business_id, &$location_details, $invoice_scheme_id = NULL, $invoice_layout_id = NULL) must be compatible with App\\Interfaces\\BusinessLocationInterface::addLocation($business_id, $location_details, $invoice_scheme_id = NULL, $invoice_layout_id = NULL) at /home/u521976387/domains/erptec.net/public_html/erp/app/Repositories/BusinessLocationRepository.php:36)
[stacktrace]
#0 {main}
"} 
[2023-05-09 09:57:15] production.ERROR: Class 'App\Listeners\InvoiceLayout' not found {"exception":"[object] (Symfony\\Component\\Debug\\Exception\\FatalThrowableError(code: 0): Class 'App\\Listeners\\InvoiceLayout' not found at /home/u521976387/domains/erptec.net/public_html/erp/app/Listeners/AddLocationToBusiness.php:28)
[stacktrace]
#0 [internal function]: App\\Listeners\\AddLocationToBusiness->handle(Object(App\\Business))
#1 /home/u521976387/domains/erptec.net/public_html/erp/vendor/laravel/framework/src/Illuminate/Events/Dispatcher.php(366): call_user_func_array(Array, Array)
#2 /home/u521976387/domains/erptec.net/public_html/erp/vendor/laravel/framework/src/Illuminate/Events/Dispatcher.php(196): Illuminate\\Events\\Dispatcher->Illuminate\\Events\\{closure}('business.create...', Array)
#3 /home/u521976387/domains/erptec.net/public_html/erp/vendor/laravel/framework/src/Illuminate/Foundation/helpers.php(482): Illuminate\\Events\\Dispatcher->dispatch('business.create...', Array)
#4 /home/u521976387/domains/erptec.net/public_html/erp/app/Http/Controllers/BusinessController.php(758): event('business.create...', Object(App\\Business))
#5 [internal function]: App\\Http\\Controllers\\BusinessController->storeBusiness(Object(App\\Http\\Requests\\Business\\BusinessRequest))
#6 /home/u521976387/domains/erptec.net/public_html/erp/vendor/laravel/framework/src/Illuminate/Routing/Controller.php(54): call_user_func_array(Array, Array)
#7 /home/u521976387/domains/erptec.net/public_html/erp/vendor/laravel/framework/src/Illuminate/Routing/ControllerDispatcher.php(45): Illuminate\\Routing\\Controller->callAction('storeBusiness', Array)
#8 /home/u521976387/domains/erptec.net/public_html/erp/vendor/laravel/framework/src/Illuminate/Routing/Route.php(219): Illuminate\\Routing\\ControllerDispatcher->dispatch(Object(Illuminate\\Routing\\Route), Object(App\\Http\\Controllers\\BusinessController), 'storeBusiness')
#9 /home/u521976387/domains/erptec.net/public_html/erp/vendor/laravel/framework/src/Illuminate/Routing/Route.php(176): Illuminate\\Routing\\Route->runController()
#10 /home/u521976387/domains/erptec.net/public_html/erp/vendor/laravel/framework/src/Illuminate/Routing/Router.php(680): Illuminate\\Routing\\Route->run()
#11 /home/u521976387/domains/erptec.net/public_html/erp/vendor/laravel/framework/src/Illuminate/Routing/Pipeline.php(30): Illuminate\\Routing\\Router->Illuminate\\Routing\\{closure}(Object(Illuminate\\Http\\Request))
#12 /home/u521976387/domains/erptec.net/public_html/erp/app/Http/Middleware/AllowBusinessLogin.php(21): Illuminate\\Routing\\Pipeline->Illuminate\\Routing\\{closure}(Object(Illuminate\\Http\\Request))
#13 /home/u521976387/domains/erptec.net/public_html/erp/vendor/laravel/framework/src/Illuminate/Pipeline/Pipeline.php(163): App\\Http\\Middleware\\AllowBusinessLogin->handle(Object(Illuminate\\Http\\Request), Object(Closure))
#14 /home/u521976387/domains/erptec.net/public_html/erp/vendor/laravel/framework/src/Illuminate/Routing/Pipeline.php(53): Illuminate\\Pipeline\\Pipeline->Illuminate\\Pipeline\\{closure}(Object(Illuminate\\Http\\Request))
#15 /home/u521976387/domains/erptec.net/public_html/erp/app/Http/Middleware/AllowRegisterBusiness.php(22): Illuminate\\Routing\\Pipeline->Illuminate\\Routing\\{closure}(Object(Illuminate\\Http\\Request))
#16 /home/u521976387/domains/erptec.net/public_html/erp/vendor/laravel/framework/src/Illuminate/Pipeline/Pipeline.php(163): App\\Http\\Middleware\\AllowRegisterBusiness->handle(Object(Illuminate\\Http\\Request), Object(Closure))
#17 /home/u521976387/domains/erptec.net/public_html/erp/vendor/laravel/framework/src/Illuminate/Routing/Pipeline.php(53): Illuminate\\Pipeline\\Pipeline->Illuminate\\Pipeline\\{closure}(Object(Illuminate\\Http\\Request))
#18 /home/u521976387/domains/erptec.net/public_html/erp/app/Http/Middleware/IsInstalled.php(26): Illuminate\\Routing\\Pipeline->Illuminate\\Routing\\{closure}(Object(Illuminate\\Http\\Request))
#19 /home/u521976387/domains/erptec.net/public_html/erp/vendor/laravel/framework/src/Illuminate/Pipeline/Pipeline.php(163): App\\Http\\Middleware\\IsInstalled->handle(Object(Illuminate\\Http\\Request), Object(Closure))
#20 /home/u521976387/domains/erptec.net/public_html/erp/vendor/laravel/framework/src/Illuminate/Routing/Pipeline.php(53): Illuminate\\Pipeline\\Pipeline->Illuminate\\Pipeline\\{closure}(Object(Illuminate\\Http\\Request))
#21 /home/u521976387/domains/erptec.net/public_html/erp/vendor/laravel/framework/src/Illuminate/Routing/Middleware/SubstituteBindings.php(41): Illuminate\\Routing\\Pipeline->Illuminate\\Routing\\{closure}(Object(Illuminate\\Http\\Request))
#22 /home/u521976387/domains/erptec.net/public_html/erp/vendor/laravel/framework/src/Illuminate/Pipeline/Pipeline.php(163): Illuminate\\Routing\\Middleware\\SubstituteBindings->handle(Object(Illuminate\\Http\\Request), Object(Closure))
#23 /home/u521976387/domains/erptec.net/public_html/erp/vendor/laravel/framework/src/Illuminate/Routing/Pipeline.php(53): Illuminate\\Pipeline\\Pipeline->Illuminate\\Pipeline\\{closure}(Object(Illuminate\\Http\\Request))
#24 /home/u521976387/domains/erptec.net/public_html/erp/vendor/laravel/framework/src/Illuminate/Foundation/Http/Middleware/VerifyCsrfToken.php(75): Illuminate\\Routing\\Pipeline->Illuminate\\Routing\\{closure}(Object(Illuminate\\Http\\Request))
#25 /home/u521976387/domains/erptec.net/public_html/erp/vendor/laravel/framework/src/Illuminate/Pipeline/Pipeline.php(163): Illuminate\\Foundation\\Http\\Middleware\\VerifyCsrfToken->handle(Object(Illuminate\\Http\\Request), Object(Closure))
#26 /home/u521976387/domains/erptec.net/public_html/erp/vendor/laravel/framework/src/Illuminate/Routing/Pipeline.php(53): Illuminate\\Pipeline\\Pipeline->Illuminate\\Pipeline\\{closure}(Object(Illuminate\\Http\\Request))
#27 /home/u521976387/domains/erptec.net/public_html/erp/vendor/laravel/framework/src/Illuminate/View/Middleware/ShareErrorsFromSession.php(49): Illuminate\\Routing\\Pipeline->Illuminate\\Routing\\{closure}(Object(Illuminate\\Http\\Request))
#28 /home/u521976387/domains/erptec.net/public_html/erp/vendor/laravel/framework/src/Illuminate/Pipeline/Pipeline.php(163): Illuminate\\View\\Middleware\\ShareErrorsFromSession->handle(Object(Illuminate\\Http\\Request), Object(Closure))
#29 /home/u521976387/domains/erptec.net/public_html/erp/vendor/laravel/framework/src/Illuminate/Routing/Pipeline.php(53): Illuminate\\Pipeline\\Pipeline->Illuminate\\Pipeline\\{closure}(Object(Illuminate\\Http\\Request))
#30 /home/u521976387/domains/erptec.net/public_html/erp/vendor/laravel/framework/src/Illuminate/Session/Middleware/StartSession.php(56): Illuminate\\Routing\\Pipeline->Illuminate\\Routing\\{closure}(Object(Illuminate\\Http\\Request))
#31 /home/u521976387/domains/erptec.net/public_html/erp/vendor/laravel/framework/src/Illuminate/Pipeline/Pipeline.php(163): Illuminate\\Session\\Middleware\\StartSession->handle(Object(Illuminate\\Http\\Request), Object(Closure))
#32 /home/u521976387/domains/erptec.net/public_html/erp/vendor/laravel/framework/src/Illuminate/Routing/Pipeline.php(53): Illuminate\\Pipeline\\Pipeline->Illuminate\\Pipeline\\{closure}(Object(Illuminate\\Http\\Request))
#33 /home/u521976387/domains/erptec.net/public_html/erp/vendor/laravel/framework/src/Illuminate/Cookie/Middleware/AddQueuedCookiesToResponse.php(37): Illuminate\\Routing\\Pipeline->Illuminate\\Routing\\{closure}(Object(Illuminate\\Http\\Request))
#34 /home/u521976387/domains/erptec.net/public_html/erp/vendor/laravel/framework/src/Illuminate/Pipeline/Pipeline.php(163): Illuminate\\Cookie\\Middleware\\AddQueuedCookiesToResponse->handle(Object(Illuminate\\Http\\Request), Object(Closure))
#35 /home/u521976387/domains/erptec.net/public_html/erp/vendor/laravel/framework/src/Illuminate/Routing/Pipeline.php(53): Illuminate\\Pipeline\\Pipeline->Illuminate\\Pipeline\\{closure}(Object(Illuminate\\Http\\Request))
#36 /home/u521976387/domains/erptec.net/public_html/erp/vendor/laravel/framework/src/Illuminate/Cookie/Middleware/EncryptCookies.php(66): Illuminate\\Routing\\Pipeline->Illuminate\\Routing\\{closure}(Object(Illuminate\\Http\\Request))
#37 /home/u521976387/domains/erptec.net/public_html/erp/vendor/laravel/framework/src/Illuminate/Pipeline/Pipeline.php(163): Illuminate\\Cookie\\Middleware\\EncryptCookies->handle(Object(Illuminate\\Http\\Request), Object(Closure))
#38 /home/u521976387/domains/erptec.net/public_html/erp/vendor/laravel/framework/src/Illuminate/Routing/Pipeline.php(53): Illuminate\\Pipeline\\Pipeline->Illuminate\\Pipeline\\{closure}(Object(Illuminate\\Http\\Request))
#39 /home/u521976387/domains/erptec.net/public_html/erp/vendor/laravel/framework/src/Illuminate/Pipeline/Pipeline.php(104): Illuminate\\Routing\\Pipeline->Illuminate\\Routing\\{closure}(Object(Illuminate\\Http\\Request))
#40 /home/u521976387/domains/erptec.net/public_html/erp/vendor/laravel/framework/src/Illuminate/Routing/Router.php(682): Illuminate\\Pipeline\\Pipeline->then(Object(Closure))
#41 /home/u521976387/domains/erptec.net/public_html/erp/vendor/laravel/framework/src/Illuminate/Routing/Router.php(657): Illuminate\\Routing\\Router->runRouteWithinStack(Object(Illuminate\\Routing\\Route), Object(Illuminate\\Http\\Request))
#42 /home/u521976387/domains/erptec.net/public_html/erp/vendor/laravel/framework/src/Illuminate/Routing/Router.php(623): Illuminate\\Routing\\Router->runRoute(Object(Illuminate\\Http\\Request), Object(Illuminate\\Routing\\Route))
#43 /home/u521976387/domains/erptec.net/public_html/erp/vendor/laravel/framework/src/Illuminate/Routing/Router.php(612): Illuminate\\Routing\\Router->dispatchToRoute(Object(Illuminate\\Http\\Request))
#44 /home/u521976387/domains/erptec.net/public_html/erp/vendor/laravel/framework/src/Illuminate/Foundation/Http/Kernel.php(176): Illuminate\\Routing\\Router->dispatch(Object(Illuminate\\Http\\Request))
#45 /home/u521976387/domains/erptec.net/public_html/erp/vendor/laravel/framework/src/Illuminate/Routing/Pipeline.php(30): Illuminate\\Foundation\\Http\\Kernel->Illuminate\\Foundation\\Http\\{closure}(Object(Illuminate\\Http\\Request))
#46 /home/u521976387/domains/erptec.net/public_html/erp/vendor/barryvdh/laravel-debugbar/src/Middleware/InjectDebugbar.php(58): Illuminate\\Routing\\Pipeline->Illuminate\\Routing\\{closure}(Object(Illuminate\\Http\\Request))
#47 /home/u521976387/domains/erptec.net/public_html/erp/vendor/laravel/framework/src/Illuminate/Pipeline/Pipeline.php(163): Barryvdh\\Debugbar\\Middleware\\InjectDebugbar->handle(Object(Illuminate\\Http\\Request), Object(Closure))
#48 /home/u521976387/domains/erptec.net/public_html/erp/vendor/laravel/framework/src/Illuminate/Routing/Pipeline.php(53): Illuminate\\Pipeline\\Pipeline->Illuminate\\Pipeline\\{closure}(Object(Illuminate\\Http\\Request))
#49 /home/u521976387/domains/erptec.net/public_html/erp/vendor/fideloper/proxy/src/TrustProxies.php(57): Illuminate\\Routing\\Pipeline->Illuminate\\Routing\\{closure}(Object(Illuminate\\Http\\Request))
#50 /home/u521976387/domains/erptec.net/public_html/erp/vendor/laravel/framework/src/Illuminate/Pipeline/Pipeline.php(163): Fideloper\\Proxy\\TrustProxies->handle(Object(Illuminate\\Http\\Request), Object(Closure))
#51 /home/u521976387/domains/erptec.net/public_html/erp/vendor/laravel/framework/src/Illuminate/Routing/Pipeline.php(53): Illuminate\\Pipeline\\Pipeline->Illuminate\\Pipeline\\{closure}(Object(Illuminate\\Http\\Request))
#52 /home/u521976387/domains/erptec.net/public_html/erp/vendor/laravel/framework/src/Illuminate/Foundation/Http/Middleware/TransformsRequest.php(21): Illuminate\\Routing\\Pipeline->Illuminate\\Routing\\{closure}(Object(Illuminate\\Http\\Request))
#53 /home/u521976387/domains/erptec.net/public_html/erp/vendor/laravel/framework/src/Illuminate/Pipeline/Pipeline.php(163): Illuminate\\Foundation\\Http\\Middleware\\TransformsRequest->handle(Object(Illuminate\\Http\\Request), Object(Closure))
#54 /home/u521976387/domains/erptec.net/public_html/erp/vendor/laravel/framework/src/Illuminate/Routing/Pipeline.php(53): Illuminate\\Pipeline\\Pipeline->Illuminate\\Pipeline\\{closure}(Object(Illuminate\\Http\\Request))
#55 /home/u521976387/domains/erptec.net/public_html/erp/vendor/laravel/framework/src/Illuminate/Foundation/Http/Middleware/TransformsRequest.php(21): Illuminate\\Routing\\Pipeline->Illuminate\\Routing\\{closure}(Object(Illuminate\\Http\\Request))
#56 /home/u521976387/domains/erptec.net/public_html/erp/vendor/laravel/framework/src/Illuminate/Pipeline/Pipeline.php(163): Illuminate\\Foundation\\Http\\Middleware\\TransformsRequest->handle(Object(Illuminate\\Http\\Request), Object(Closure))
#57 /home/u521976387/domains/erptec.net/public_html/erp/vendor/laravel/framework/src/Illuminate/Routing/Pipeline.php(53): Illuminate\\Pipeline\\Pipeline->Illuminate\\Pipeline\\{closure}(Object(Illuminate\\Http\\Request))
#58 /home/u521976387/domains/erptec.net/public_html/erp/vendor/laravel/framework/src/Illuminate/Foundation/Http/Middleware/ValidatePostSize.php(27): Illuminate\\Routing\\Pipeline->Illuminate\\Routing\\{closure}(Object(Illuminate\\Http\\Request))
#59 /home/u521976387/domains/erptec.net/public_html/erp/vendor/laravel/framework/src/Illuminate/Pipeline/Pipeline.php(163): Illuminate\\Foundation\\Http\\Middleware\\ValidatePostSize->handle(Object(Illuminate\\Http\\Request), Object(Closure))
#60 /home/u521976387/domains/erptec.net/public_html/erp/vendor/laravel/framework/src/Illuminate/Routing/Pipeline.php(53): Illuminate\\Pipeline\\Pipeline->Illuminate\\Pipeline\\{closure}(Object(Illuminate\\Http\\Request))
#61 /home/u521976387/domains/erptec.net/public_html/erp/vendor/laravel/framework/src/Illuminate/Foundation/Http/Middleware/CheckForMaintenanceMode.php(62): Illuminate\\Routing\\Pipeline->Illuminate\\Routing\\{closure}(Object(Illuminate\\Http\\Request))
#62 /home/u521976387/domains/erptec.net/public_html/erp/vendor/laravel/framework/src/Illuminate/Pipeline/Pipeline.php(163): Illuminate\\Foundation\\Http\\Middleware\\CheckForMaintenanceMode->handle(Object(Illuminate\\Http\\Request), Object(Closure))
#63 /home/u521976387/domains/erptec.net/public_html/erp/vendor/laravel/framework/src/Illuminate/Routing/Pipeline.php(53): Illuminate\\Pipeline\\Pipeline->Illuminate\\Pipeline\\{closure}(Object(Illuminate\\Http\\Request))
#64 /home/u521976387/domains/erptec.net/public_html/erp/vendor/laravel/framework/src/Illuminate/Pipeline/Pipeline.php(104): Illuminate\\Routing\\Pipeline->Illuminate\\Routing\\{closure}(Object(Illuminate\\Http\\Request))
#65 /home/u521976387/domains/erptec.net/public_html/erp/vendor/laravel/framework/src/Illuminate/Foundation/Http/Kernel.php(151): Illuminate\\Pipeline\\Pipeline->then(Object(Closure))
#66 /home/u521976387/domains/erptec.net/public_html/erp/vendor/laravel/framework/src/Illuminate/Foundation/Http/Kernel.php(116): Illuminate\\Foundation\\Http\\Kernel->sendRequestThroughRouter(Object(Illuminate\\Http\\Request))
#67 /home/u521976387/domains/erptec.net/public_html/erp/index.php(53): Illuminate\\Foundation\\Http\\Kernel->handle(Object(Illuminate\\Http\\Request))
#68 {main}
"} 
[2023-05-09 12:09:42] production.EMERGENCY: File:/home/u521976387/domains/erptec.net/public_html/erp/vendor/laravel/framework/src/Illuminate/Database/Connection.phpLine:664Message:SQLSTATE[23000]: Integrity constraint violation: 1452 Cannot add or update a child row: a foreign key constraint fails (`u521976387_erp`.`business_locations`, CONSTRAINT `business_locations_ibfk_1` FOREIGN KEY (`invoice_scheme_id`) REFERENCES `invoice_schemes` (`id`)) (SQL: insert into `business_locations` (`name`, `country`, `business_id`, `invoice_scheme_id`, `invoice_layout_id`, `sale_invoice_layout_id`, `location_id`, `default_payment_accounts`, `updated_at`, `created_at`) values (Size, Egypt, 139, 114, 114, 114, BL0001, {"cash":{"is_enabled":1,"account":null},"card":{"is_enabled":1,"account":null},"cheque":{"is_enabled":1,"account":null},"bank_transfer":{"is_enabled":1,"account":null},"other":{"is_enabled":1,"account":null},"custom_pay_1":{"is_enabled":1,"account":null},"custom_pay_2":{"is_enabled":1,"account":null},"custom_pay_3":{"is_enabled":1,"account":null},"custom_pay_4":{"is_enabled":1,"account":null},"custom_pay_5":{"is_enabled":1,"account":null},"custom_pay_6":{"is_enabled":1,"account":null},"custom_pay_7":{"is_enabled":1,"account":null}}, 2023-05-09 12:09:42, 2023-05-09 12:09:42))  
[2023-05-09 12:21:51] production.EMERGENCY: File:/home/u521976387/domains/erptec.net/public_html/erp/vendor/laravel/framework/src/Illuminate/Database/Connection.phpLine:664Message:SQLSTATE[23000]: Integrity constraint violation: 1452 Cannot add or update a child row: a foreign key constraint fails (`u521976387_erp`.`business_locations`, CONSTRAINT `business_locations_ibfk_1` FOREIGN KEY (`invoice_scheme_id`) REFERENCES `invoice_schemes` (`id`)) (SQL: insert into `business_locations` (`name`, `country`, `business_id`, `invoice_scheme_id`, `invoice_layout_id`, `sale_invoice_layout_id`, `location_id`, `default_payment_accounts`, `updated_at`, `created_at`) values (Mostafa Zayed, Egypt, 141, 116, 116, 116, BL0001, {"cash":{"is_enabled":1,"account":null},"card":{"is_enabled":1,"account":null},"cheque":{"is_enabled":1,"account":null},"bank_transfer":{"is_enabled":1,"account":null},"other":{"is_enabled":1,"account":null},"custom_pay_1":{"is_enabled":1,"account":null},"custom_pay_2":{"is_enabled":1,"account":null},"custom_pay_3":{"is_enabled":1,"account":null},"custom_pay_4":{"is_enabled":1,"account":null},"custom_pay_5":{"is_enabled":1,"account":null},"custom_pay_6":{"is_enabled":1,"account":null},"custom_pay_7":{"is_enabled":1,"account":null}}, 2023-05-09 12:21:51, 2023-05-09 12:21:51))  
[2023-05-09 12:23:44] production.EMERGENCY: File:/home/u521976387/domains/erptec.net/public_html/erp/vendor/laravel/framework/src/Illuminate/Database/Connection.phpLine:664Message:SQLSTATE[23000]: Integrity constraint violation: 1452 Cannot add or update a child row: a foreign key constraint fails (`u521976387_erp`.`business_locations`, CONSTRAINT `business_locations_ibfk_1` FOREIGN KEY (`invoice_scheme_id`) REFERENCES `invoice_schemes` (`id`)) (SQL: insert into `business_locations` (`name`, `country`, `business_id`, `invoice_scheme_id`, `invoice_layout_id`, `sale_invoice_layout_id`, `location_id`, `default_payment_accounts`, `updated_at`, `created_at`) values (, Egypt, 143, 118, 118, 118, BL0001, {"cash":{"is_enabled":1,"account":null},"card":{"is_enabled":1,"account":null},"cheque":{"is_enabled":1,"account":null},"bank_transfer":{"is_enabled":1,"account":null},"other":{"is_enabled":1,"account":null},"custom_pay_1":{"is_enabled":1,"account":null},"custom_pay_2":{"is_enabled":1,"account":null},"custom_pay_3":{"is_enabled":1,"account":null},"custom_pay_4":{"is_enabled":1,"account":null},"custom_pay_5":{"is_enabled":1,"account":null},"custom_pay_6":{"is_enabled":1,"account":null},"custom_pay_7":{"is_enabled":1,"account":null}}, 2023-05-09 12:23:44, 2023-05-09 12:23:44))  
[2023-05-09 12:34:08] production.EMERGENCY: File:/home/u521976387/domains/erptec.net/public_html/erp/vendor/laravel/framework/src/Illuminate/Database/Connection.phpLine:664Message:SQLSTATE[23000]: Integrity constraint violation: 1452 Cannot add or update a child row: a foreign key constraint fails (`u521976387_erp`.`business_locations`, CONSTRAINT `business_locations_ibfk_1` FOREIGN KEY (`invoice_scheme_id`) REFERENCES `invoice_schemes` (`id`)) (SQL: insert into `business_locations` (`name`, `country`, `business_id`, `invoice_scheme_id`, `invoice_layout_id`, `sale_invoice_layout_id`, `location_id`, `default_payment_accounts`, `updated_at`, `created_at`) values (Size2141, Egypt, 145, 120, 120, 120, BL0001, {"cash":{"is_enabled":1,"account":null},"card":{"is_enabled":1,"account":null},"cheque":{"is_enabled":1,"account":null},"bank_transfer":{"is_enabled":1,"account":null},"other":{"is_enabled":1,"account":null},"custom_pay_1":{"is_enabled":1,"account":null},"custom_pay_2":{"is_enabled":1,"account":null},"custom_pay_3":{"is_enabled":1,"account":null},"custom_pay_4":{"is_enabled":1,"account":null},"custom_pay_5":{"is_enabled":1,"account":null},"custom_pay_6":{"is_enabled":1,"account":null},"custom_pay_7":{"is_enabled":1,"account":null}}, 2023-05-09 12:34:08, 2023-05-09 12:34:08))  
